2017-06-20 14:04:27.950  INFO 5636 --- [main] com.logger.LoggerTest                    : Starting LoggerTest on DESKTOP-IPU0HKK with PID 5636 (F:\testSpringBootLogger\target\classes started by liaoyubo in F:\testSpringBootLogger)
2017-06-20 14:04:27.956  INFO 5636 --- [main] com.logger.LoggerTest                    : No active profile set, falling back to default profiles: default
2017-06-20 14:04:28.011  INFO 5636 --- [main] ationConfigEmbeddedWebApplicationContext : Refreshing org.springframework.boot.context.embedded.AnnotationConfigEmbeddedWebApplicationContext@127942a: startup date [Tue Jun 20 14:04:28 CST 2017]; root of context hierarchy
2017-06-20 14:04:29.243  INFO 5636 --- [main] s.b.c.e.t.TomcatEmbeddedServletContainer : Tomcat initialized with port(s): 8080 (http)
2017-06-20 14:04:29.252  INFO 5636 --- [main] o.apache.catalina.core.StandardService   : Starting service [Tomcat]
2017-06-20 14:04:29.253  INFO 5636 --- [main] org.apache.catalina.core.StandardEngine  : Starting Servlet Engine: Apache Tomcat/8.5.15
2017-06-20 14:04:29.340  INFO 5636 --- [localhost-startStop-1] o.a.c.c.C.[Tomcat].[localhost].[/]       : Initializing Spring embedded WebApplicationContext
2017-06-20 14:04:29.340  INFO 5636 --- [localhost-startStop-1] o.s.web.context.ContextLoader            : Root WebApplicationContext: initialization completed in 1332 ms
2017-06-20 14:04:29.458  INFO 5636 --- [localhost-startStop-1] o.s.b.w.servlet.ServletRegistrationBean  : Mapping servlet: 'dispatcherServlet' to [/]
2017-06-20 14:04:29.462  INFO 5636 --- [localhost-startStop-1] o.s.b.w.servlet.FilterRegistrationBean   : Mapping filter: 'characterEncodingFilter' to: [/*]
2017-06-20 14:04:29.463  INFO 5636 --- [localhost-startStop-1] o.s.b.w.servlet.FilterRegistrationBean   : Mapping filter: 'hiddenHttpMethodFilter' to: [/*]
2017-06-20 14:04:29.463  INFO 5636 --- [localhost-startStop-1] o.s.b.w.servlet.FilterRegistrationBean   : Mapping filter: 'httpPutFormContentFilter' to: [/*]
2017-06-20 14:04:29.463  INFO 5636 --- [localhost-startStop-1] o.s.b.w.servlet.FilterRegistrationBean   : Mapping filter: 'requestContextFilter' to: [/*]
2017-06-20 14:04:29.743  INFO 5636 --- [main] s.w.s.m.m.a.RequestMappingHandlerAdapter : Looking for @ControllerAdvice: org.springframework.boot.context.embedded.AnnotationConfigEmbeddedWebApplicationContext@127942a: startup date [Tue Jun 20 14:04:28 CST 2017]; root of context hierarchy
2017-06-20 14:04:29.810  INFO 5636 --- [main] s.w.s.m.m.a.RequestMappingHandlerMapping : Mapped "{[/get2Logger]}" onto public org.springframework.http.ResponseEntity com.logger.Logger2Controller.get2Logger()
2017-06-20 14:04:29.811  INFO 5636 --- [main] s.w.s.m.m.a.RequestMappingHandlerMapping : Mapped "{[/getLogger]}" onto public org.springframework.http.ResponseEntity com.logger.LoggerController.getLogger()
2017-06-20 14:04:29.813  INFO 5636 --- [main] s.w.s.m.m.a.RequestMappingHandlerMapping : Mapped "{[/error]}" onto public org.springframework.http.ResponseEntity<java.util.Map<java.lang.String, java.lang.Object>> org.springframework.boot.autoconfigure.web.BasicErrorController.error(javax.servlet.http.HttpServletRequest)
2017-06-20 14:04:29.814  INFO 5636 --- [main] s.w.s.m.m.a.RequestMappingHandlerMapping : Mapped "{[/error],produces=[text/html]}" onto public org.springframework.web.servlet.ModelAndView org.springframework.boot.autoconfigure.web.BasicErrorController.errorHtml(javax.servlet.http.HttpServletRequest,javax.servlet.http.HttpServletResponse)
2017-06-20 14:04:29.846  INFO 5636 --- [main] o.s.w.s.handler.SimpleUrlHandlerMapping  : Mapped URL path [/webjars/**] onto handler of type [class org.springframework.web.servlet.resource.ResourceHttpRequestHandler]
2017-06-20 14:04:29.847  INFO 5636 --- [main] o.s.w.s.handler.SimpleUrlHandlerMapping  : Mapped URL path [/**] onto handler of type [class org.springframework.web.servlet.resource.ResourceHttpRequestHandler]
2017-06-20 14:04:29.886  INFO 5636 --- [main] o.s.w.s.handler.SimpleUrlHandlerMapping  : Mapped URL path [/**/favicon.ico] onto handler of type [class org.springframework.web.servlet.resource.ResourceHttpRequestHandler]
2017-06-20 14:04:30.069  INFO 5636 --- [main] o.s.j.e.a.AnnotationMBeanExporter        : Registering beans for JMX exposure on startup
2017-06-20 14:04:30.129  INFO 5636 --- [main] s.b.c.e.t.TomcatEmbeddedServletContainer : Tomcat started on port(s): 8080 (http)
2017-06-20 14:04:30.132  INFO 5636 --- [main] com.logger.LoggerTest                    : Started LoggerTest in 2.486 seconds (JVM running for 2.821)
2017-06-20 14:04:54.645  INFO 5636 --- [http-nio-8080-exec-1] o.a.c.c.C.[Tomcat].[localhost].[/]       : Initializing Spring FrameworkServlet 'dispatcherServlet'
2017-06-20 14:04:54.645  INFO 5636 --- [http-nio-8080-exec-1] o.s.web.servlet.DispatcherServlet        : FrameworkServlet 'dispatcherServlet': initialization started
2017-06-20 14:04:54.663  INFO 5636 --- [http-nio-8080-exec-1] o.s.web.servlet.DispatcherServlet        : FrameworkServlet 'dispatcherServlet': initialization completed in 18 ms
2017-06-20 14:04:54.695  INFO 5636 --- [http-nio-8080-exec-1] com.logger.LoggerController              : ======info
2017-06-20 14:04:54.696  WARN 5636 --- [http-nio-8080-exec-1] com.logger.LoggerController              : ======warn
2017-06-20 14:04:54.696 ERROR 5636 --- [http-nio-8080-exec-1] com.logger.LoggerController              : ======error
